2014-05-14 12:27:52.151 HelloCordova[39721:70b] Multi-tasking -> Device: YES, App: YES
2014-05-14 12:27:52.333 HelloCordova[39721:70b] Unlimited access to network resources
2014-05-14 12:27:52.335 HelloCordova[39721:70b] Restoring old webstorage backup. From: '/Users/JoshSGman/Library/Application Support/iPhone Simulator/7.1/Applications/B8EDD2E2-32D8-47C3-A85E-681F74F25D12/Library/WebKit/LocalStorage/file__0.localstorage' To: '/Users/JoshSGman/Library/Application Support/iPhone Simulator/7.1/Applications/B8EDD2E2-32D8-47C3-A85E-681F74F25D12/Library/Caches/file__0.localstorage'.
2014-05-14 12:27:52.396 HelloCordova[39721:70b] Removing old webstorage backup: '/Users/JoshSGman/Library/Application Support/iPhone Simulator/7.1/Applications/B8EDD2E2-32D8-47C3-A85E-681F74F25D12/Library/WebKit/LocalStorage/file__0.localstorage'.
2014-05-14 12:27:57.390 HelloCordova[39721:70b] [CDVTimer][statusbar] 435.315013ms
2014-05-14 12:27:57.391 HelloCordova[39721:70b] [CDVTimer][TotalPluginStartup] 435.687006ms
2014-05-14 12:27:57.602 HelloCordova[39721:70b] Resetting plugins due to page load.
2014-05-14 12:27:58.499 HelloCordova[39721:70b] Finished load of: file:///Users/JoshSGman/Library/Application%20Support/iPhone%20Simulator/7.1/Applications/B8EDD2E2-32D8-47C3-A85E-681F74F25D12/HelloCordova.app/www/index.html
2014-05-14 22:13:50.504 HelloCordova[83252:70b] Multi-tasking -> Device: YES, App: YES
2014-05-14 22:13:50.512 HelloCordova[83252:70b] Unlimited access to network resources
2014-05-14 22:13:50.536 HelloCordova[83252:70b] [CDVTimer][statusbar] 10.815978ms
2014-05-14 22:13:50.537 HelloCordova[83252:70b] [CDVTimer][TotalPluginStartup] 11.218011ms
2014-05-14 22:13:50.579 HelloCordova[83252:70b] Resetting plugins due to page load.
2014-05-14 22:13:50.668 HelloCordova[83252:70b] Finished load of: file:///Users/JoshSGman/Library/Application%20Support/iPhone%20Simulator/7.1/Applications/B8EDD2E2-32D8-47C3-A85E-681F74F25D12/HelloCordova.app/www/index.html#/home
2014-05-16 18:56:55.059 HelloCordova[24425:70b] Multi-tasking -> Device: YES, App: YES
2014-05-16 18:56:55.069 HelloCordova[24425:70b] Unlimited access to network resources
2014-05-16 18:56:55.144 HelloCordova[24425:70b] [CDVTimer][statusbar] 7.609963ms
2014-05-16 18:56:55.144 HelloCordova[24425:70b] [CDVTimer][TotalPluginStartup] 8.091986ms
2014-05-16 18:56:55.267 HelloCordova[24425:70b] Resetting plugins due to page load.
2014-05-16 18:56:56.074 HelloCordova[24425:70b] Finished load of: file:///Users/JoshSGman/Library/Application%20Support/iPhone%20Simulator/7.1/Applications/B8EDD2E2-32D8-47C3-A85E-681F74F25D12/HelloCordova.app/www/index.html#/checkout
2014-05-18 07:58:03.575 HelloCordova[92013:70b] Multi-tasking -> Device: YES, App: YES
2014-05-18 07:58:03.622 HelloCordova[92013:70b] Unlimited access to network resources
2014-05-18 07:58:06.153 HelloCordova[92013:70b] [CDVTimer][statusbar] 268.821001ms
2014-05-18 07:58:06.153 HelloCordova[92013:70b] [CDVTimer][TotalPluginStartup] 269.226015ms
2014-05-18 07:58:06.432 HelloCordova[92013:70b] Resetting plugins due to page load.
2014-05-18 07:58:07.324 HelloCordova[92013:70b] Finished load of: file:///Users/JoshSGman/Library/Application%20Support/iPhone%20Simulator/7.1/Applications/B8EDD2E2-32D8-47C3-A85E-681F74F25D12/HelloCordova.app/www/index.html#/checkout
2014-05-18 07:58:20.568 HelloCordova[92013:70b] Received memory warning.
2014-05-18 08:48:21.435 HelloCordova[95768:70b] Multi-tasking -> Device: YES, App: YES
2014-05-18 08:48:21.451 HelloCordova[95768:70b] Unlimited access to network resources
2014-05-18 08:48:21.680 HelloCordova[95768:70b] [CDVTimer][statusbar] 64.305007ms
2014-05-18 08:48:21.681 HelloCordova[95768:70b] [CDVTimer][TotalPluginStartup] 64.912021ms
2014-05-18 08:48:21.932 HelloCordova[95768:70b] Resetting plugins due to page load.
2014-05-18 08:48:22.311 HelloCordova[95768:70b] Finished load of: file:///Users/JoshSGman/Library/Application%20Support/iPhone%20Simulator/7.1/Applications/B8EDD2E2-32D8-47C3-A85E-681F74F25D12/HelloCordova.app/www/index.html#/checkout
